[2025-10-06T06:07:46.325+0000] {local_task_job_runner.py:120} INFO - ::group::Pre task execution logs
[2025-10-06T06:07:46.360+0000] {taskinstance.py:2076} INFO - Dependencies all met for dep_context=non-requeueable deps ti=<TaskInstance: Airflow_Lab1.load_model_task manual__2025-10-06T05:58:51.462997+00:00 [queued]>
[2025-10-06T06:07:46.374+0000] {taskinstance.py:2076} INFO - Dependencies all met for dep_context=requeueable deps ti=<TaskInstance: Airflow_Lab1.load_model_task manual__2025-10-06T05:58:51.462997+00:00 [queued]>
[2025-10-06T06:07:46.375+0000] {taskinstance.py:2306} INFO - Starting attempt 1 of 3
[2025-10-06T06:07:46.400+0000] {taskinstance.py:2330} INFO - Executing <Task(PythonOperator): load_model_task> on 2025-10-06 05:58:51.462997+00:00
[2025-10-06T06:07:46.420+0000] {warnings.py:112} WARNING - /home/***/.local/lib/python3.12/site-packages/***/task/task_runner/standard_task_runner.py:61: DeprecationWarning: This process (pid=251) is multi-threaded, use of fork() may lead to deadlocks in the child.
  pid = os.fork()

[2025-10-06T06:07:46.425+0000] {standard_task_runner.py:63} INFO - Started process 260 to run task
[2025-10-06T06:07:46.423+0000] {standard_task_runner.py:90} INFO - Running: ['***', 'tasks', 'run', 'Airflow_Lab1', 'load_model_task', 'manual__2025-10-06T05:58:51.462997+00:00', '--job-id', '22', '--raw', '--subdir', 'DAGS_FOLDER/example_dag.py', '--cfg-path', '/tmp/tmp9af60wdu']
[2025-10-06T06:07:46.430+0000] {standard_task_runner.py:91} INFO - Job 22: Subtask load_model_task
[2025-10-06T06:07:46.541+0000] {task_command.py:426} INFO - Running <TaskInstance: Airflow_Lab1.load_model_task manual__2025-10-06T05:58:51.462997+00:00 [running]> on host 3d13112b04d6
[2025-10-06T06:07:46.722+0000] {taskinstance.py:2648} INFO - Exporting env vars: AIRFLOW_CTX_DAG_OWNER='Rishi_Raj_Kuleri' AIRFLOW_CTX_DAG_ID='Airflow_Lab1' AIRFLOW_CTX_TASK_ID='load_model_task' AIRFLOW_CTX_EXECUTION_DATE='2025-10-06T05:58:51.462997+00:00' AIRFLOW_CTX_TRY_NUMBER='1' AIRFLOW_CTX_DAG_RUN_ID='manual__2025-10-06T05:58:51.462997+00:00'
[2025-10-06T06:07:46.724+0000] {taskinstance.py:430} INFO - ::endgroup::
[2025-10-06T06:07:46.778+0000] {logging_mixin.py:188} INFO - Optimal no. of clusters (elbow): 7
[2025-10-06T06:07:46.916+0000] {python.py:237} INFO - Done. Returned value was: 11
[2025-10-06T06:07:46.923+0000] {taskinstance.py:441} INFO - ::group::Post task execution logs
[2025-10-06T06:07:47.016+0000] {taskinstance.py:1206} INFO - Marking task as SUCCESS. dag_id=Airflow_Lab1, task_id=load_model_task, run_id=manual__2025-10-06T05:58:51.462997+00:00, execution_date=20251006T055851, start_date=20251006T060746, end_date=20251006T060747
[2025-10-06T06:07:47.095+0000] {local_task_job_runner.py:240} INFO - Task exited with return code 0
[2025-10-06T06:07:47.125+0000] {taskinstance.py:3503} INFO - 0 downstream tasks scheduled from follow-on schedule check
[2025-10-06T06:07:47.130+0000] {local_task_job_runner.py:222} INFO - ::endgroup::
