[2025-10-06T06:22:35.823+0000] {local_task_job_runner.py:120} INFO - ::group::Pre task execution logs
[2025-10-06T06:22:35.848+0000] {taskinstance.py:2076} INFO - Dependencies all met for dep_context=non-requeueable deps ti=<TaskInstance: Airflow_Lab1.load_model_task manual__2025-10-06T06:14:33.534850+00:00 [queued]>
[2025-10-06T06:22:35.859+0000] {taskinstance.py:2076} INFO - Dependencies all met for dep_context=requeueable deps ti=<TaskInstance: Airflow_Lab1.load_model_task manual__2025-10-06T06:14:33.534850+00:00 [queued]>
[2025-10-06T06:22:35.860+0000] {taskinstance.py:2306} INFO - Starting attempt 1 of 3
[2025-10-06T06:22:35.881+0000] {taskinstance.py:2330} INFO - Executing <Task(PythonOperator): load_model_task> on 2025-10-06 06:14:33.534850+00:00
[2025-10-06T06:22:35.898+0000] {warnings.py:112} WARNING - /home/***/.local/lib/python3.12/site-packages/***/task/task_runner/standard_task_runner.py:61: DeprecationWarning: This process (pid=260) is multi-threaded, use of fork() may lead to deadlocks in the child.
  pid = os.fork()

[2025-10-06T06:22:35.901+0000] {standard_task_runner.py:63} INFO - Started process 269 to run task
[2025-10-06T06:22:35.901+0000] {standard_task_runner.py:90} INFO - Running: ['***', 'tasks', 'run', 'Airflow_Lab1', 'load_model_task', 'manual__2025-10-06T06:14:33.534850+00:00', '--job-id', '60', '--raw', '--subdir', 'DAGS_FOLDER/example_dag.py', '--cfg-path', '/tmp/tmpcz2cwwp4']
[2025-10-06T06:22:35.905+0000] {standard_task_runner.py:91} INFO - Job 60: Subtask load_model_task
[2025-10-06T06:22:35.992+0000] {task_command.py:426} INFO - Running <TaskInstance: Airflow_Lab1.load_model_task manual__2025-10-06T06:14:33.534850+00:00 [running]> on host dd39ce360c48
[2025-10-06T06:22:36.129+0000] {taskinstance.py:2648} INFO - Exporting env vars: AIRFLOW_CTX_DAG_OWNER='Rishi_Raj_Kuleri' AIRFLOW_CTX_DAG_ID='Airflow_Lab1' AIRFLOW_CTX_TASK_ID='load_model_task' AIRFLOW_CTX_EXECUTION_DATE='2025-10-06T06:14:33.534850+00:00' AIRFLOW_CTX_TRY_NUMBER='1' AIRFLOW_CTX_DAG_RUN_ID='manual__2025-10-06T06:14:33.534850+00:00'
[2025-10-06T06:22:36.132+0000] {taskinstance.py:430} INFO - ::endgroup::
[2025-10-06T06:22:36.175+0000] {logging_mixin.py:188} INFO - Optimal no. of clusters (elbow): 7
[2025-10-06T06:22:36.265+0000] {python.py:237} INFO - Done. Returned value was: 11
[2025-10-06T06:22:36.269+0000] {taskinstance.py:441} INFO - ::group::Post task execution logs
[2025-10-06T06:22:36.360+0000] {taskinstance.py:1206} INFO - Marking task as SUCCESS. dag_id=Airflow_Lab1, task_id=load_model_task, run_id=manual__2025-10-06T06:14:33.534850+00:00, execution_date=20251006T061433, start_date=20251006T062235, end_date=20251006T062236
[2025-10-06T06:22:36.437+0000] {local_task_job_runner.py:240} INFO - Task exited with return code 0
[2025-10-06T06:22:36.459+0000] {taskinstance.py:3503} INFO - 0 downstream tasks scheduled from follow-on schedule check
[2025-10-06T06:22:36.465+0000] {local_task_job_runner.py:222} INFO - ::endgroup::
