[2025-10-06T05:11:31.857+0000] {local_task_job_runner.py:120} INFO - ::group::Pre task execution logs
[2025-10-06T05:11:31.906+0000] {taskinstance.py:2076} INFO - Dependencies all met for dep_context=non-requeueable deps ti=<TaskInstance: Airflow_Lab1.load_model_task manual__2025-10-06T05:09:43.079531+00:00 [queued]>
[2025-10-06T05:11:31.923+0000] {taskinstance.py:2076} INFO - Dependencies all met for dep_context=requeueable deps ti=<TaskInstance: Airflow_Lab1.load_model_task manual__2025-10-06T05:09:43.079531+00:00 [queued]>
[2025-10-06T05:11:31.925+0000] {taskinstance.py:2306} INFO - Starting attempt 1 of 1
[2025-10-06T05:11:31.952+0000] {taskinstance.py:2330} INFO - Executing <Task(PythonOperator): load_model_task> on 2025-10-06 05:09:43.079531+00:00
[2025-10-06T05:11:31.971+0000] {warnings.py:112} WARNING - /home/***/.local/lib/python3.12/site-packages/***/task/task_runner/standard_task_runner.py:61: DeprecationWarning: This process (pid=387) is multi-threaded, use of fork() may lead to deadlocks in the child.
  pid = os.fork()

[2025-10-06T05:11:31.974+0000] {standard_task_runner.py:63} INFO - Started process 404 to run task
[2025-10-06T05:11:31.975+0000] {standard_task_runner.py:90} INFO - Running: ['***', 'tasks', 'run', 'Airflow_Lab1', 'load_model_task', 'manual__2025-10-06T05:09:43.079531+00:00', '--job-id', '15', '--raw', '--subdir', 'DAGS_FOLDER/example_dag.py', '--cfg-path', '/tmp/tmpdfofo2h6']
[2025-10-06T05:11:31.980+0000] {standard_task_runner.py:91} INFO - Job 15: Subtask load_model_task
[2025-10-06T05:11:32.124+0000] {task_command.py:426} INFO - Running <TaskInstance: Airflow_Lab1.load_model_task manual__2025-10-06T05:09:43.079531+00:00 [running]> on host a67cc2f4600c
[2025-10-06T05:11:32.306+0000] {taskinstance.py:2648} INFO - Exporting env vars: AIRFLOW_CTX_DAG_OWNER='your_name' AIRFLOW_CTX_DAG_ID='Airflow_Lab1' AIRFLOW_CTX_TASK_ID='load_model_task' AIRFLOW_CTX_EXECUTION_DATE='2025-10-06T05:09:43.079531+00:00' AIRFLOW_CTX_TRY_NUMBER='1' AIRFLOW_CTX_DAG_RUN_ID='manual__2025-10-06T05:09:43.079531+00:00'
[2025-10-06T05:11:32.308+0000] {taskinstance.py:430} INFO - ::endgroup::
[2025-10-06T05:11:32.351+0000] {logging_mixin.py:188} INFO - Optimal no. of clusters: 8
[2025-10-06T05:11:32.385+0000] {warnings.py:112} WARNING - /home/***/.local/lib/python3.12/site-packages/sklearn/utils/validation.py:2742: UserWarning: X has feature names, but KMeans was fitted without feature names
  warnings.warn(

[2025-10-06T05:11:32.449+0000] {python.py:237} INFO - Done. Returned value was: 5
[2025-10-06T05:11:32.458+0000] {taskinstance.py:441} INFO - ::group::Post task execution logs
[2025-10-06T05:11:32.632+0000] {taskinstance.py:1206} INFO - Marking task as SUCCESS. dag_id=Airflow_Lab1, task_id=load_model_task, run_id=manual__2025-10-06T05:09:43.079531+00:00, execution_date=20251006T050943, start_date=20251006T051131, end_date=20251006T051132
[2025-10-06T05:11:32.724+0000] {local_task_job_runner.py:240} INFO - Task exited with return code 0
[2025-10-06T05:11:32.755+0000] {taskinstance.py:3503} INFO - 0 downstream tasks scheduled from follow-on schedule check
[2025-10-06T05:11:32.761+0000] {local_task_job_runner.py:222} INFO - ::endgroup::
